<html xmlns:math="http://exslt.org/math" xmlns:testng="http://testng.org">
   <head>
      <title>TestNG Results</title>
      <meta http-equiv="content-type" content="text/html; charset=utf-8"></meta>
      <meta http-equiv="pragma" content="no-cache"></meta>
      <meta http-equiv="cache-control" content="max-age=0"></meta>
      <meta http-equiv="cache-control" content="no-cache"></meta>
      <meta http-equiv="cache-control" content="no-store"></meta>
      <LINK rel="stylesheet" href="style.css"></LINK>
      <script type="text/javascript" src="main.js"></script>
   </head>
   <body>
      <table width="100%" style="font-size: 16px; margin-bottom: 10px;" cellspacing="1">
         <tr>
            <td width="100%">
               Test case
               
               <b>TC012_Mobility_WorkDetails_Page</b>
            </td>
            <td style="background-color: #FFBBBB; padding: 3px 3px 3px 0;" align="center">
               <div style="width: 50px;">3</div>
            </td>
            <td style="background-color: lightgreen; padding: 3px 3px 3px 0;" align="center">
               <div style="width: 50px;">0</div>
            </td>
            <td style="background-color: #FFFFBB; padding: 3px 3px 3px 0;" align="center">
               <div style="width: 50px;">0</div>
            </td>
            <td align="center" style="background-color: #eaf0f7; padding: 3px 3px 3px 0;">
               <div style="width: 50px;">3</div>
            </td>
            <td align="center"
                style="font-weight: bold; background-color: #eaf0f7; padding: 3px 3px 3px 0;">
               <div style="width: 50px;">0%</div>
            </td>
            <td style="background-color: #eaf0f7; padding: 3px 3px 3px 0;" align="center"
                nowrap="true">49s
               
            </td>
         </tr>
      </table>
      <div style="width: 200px;">
         <label for="groupMethodsCheckBox" style="font-weight: bold; margin: 0;">
            <input id="groupMethodsCheckBox" type="checkbox" onclick="switchTestMethodsView(this)"
                   checked=""></input>
            Group by class
            
         </label>
         <br></br>
         <label for="methodsFilter_ALL" style="font-weight: bold; margin: 0;">
            <input id="methodsFilter_ALL" type="checkbox"
                   onclick="testMethodsFilterChanged(this, 'ALL')"
                   checked=""></input>
            All
            
         </label>
      </div>
      <label for="methodsFilter_FAIL" style="margin-left: 20px;">
         <input id="methodsFilter_FAIL" type="checkbox"
                onclick="testMethodsFilterChanged(this, 'FAIL')"
                checked=""></input>
         Failed
         
      </label>
      <label for="methodsFilter_PASS">
         <input id="methodsFilter_PASS" type="checkbox"
                onclick="testMethodsFilterChanged(this, 'PASS')"
                checked=""></input>
         Passed
         
      </label>
      <label for="methodsFilter_SKIP">
         <input id="methodsFilter_SKIP" type="checkbox"
                onclick="testMethodsFilterChanged(this, 'SKIP')"
                checked=""></input>
         Skipped
         
      </label>
      <br></br>
      <div id="testMethodsByStatus" style="display: none;">
         <table class="testMethodsTable" cellpadding="0" cellspacing="0">
            <tr class="methodsTableHeader">
               <td width="100%">Name</td>
               <td nowrap="true">Started</td>
               <td nowrap="true">Duration</td>
               <td>Exception</td>
            </tr>
            <tr id="Zoptusmodule.TC012_Mobility_WorkDetails_Page_WorkDetails_SignIn_byStatus_failed_FAIL1_row"
                class="testMethodStatusFAIL">
               <td width="100%" class="firstMethodCell">
                  <a onclick="toggleDetailsVisibility('Zoptusmodule.TC012_Mobility_WorkDetails_Page_WorkDetails_SignIn_byStatus_failed_FAIL1_details')">WorkDetails_SignIn()</a>
               </td>
               <td nowrap="true">12:23:53</td>
               <td nowrap="true" align="right">21s
                  
               </td>
               <td nowrap="true">
                  <a onclick="toggleDetailsVisibility('Zoptusmodule.TC012_Mobility_WorkDetails_Page_WorkDetails_SignIn_byStatus_failed_FAIL1_exception')">org.openqa.selenium.NoSuchElementException: 
                     no such element
                     (Session info: chrome=44.0.2403.107)
                     (Driver info: chromedriver=2.13.307647 (5a7d0541ebc58e69994a6fb2ed930f45261f3c29),platform=Windows NT 6.1 SP1 x86_64) (WARNING:
                     The server did not provide any stacktrace information)
                     Command duration or timeout: 10.06 seconds
                     For documentation on this error, please visit: http://seleniumhq.org/exceptions/no_such_element.html
                     Build info: version: '2.44.0', revision: '76d78cf', time: '2014-10-23 20:03:00'
                     System info: host: 'CIS20', ip: '192.168.1.177', os.name: 'Windows 7', os.arch: 'amd64', os.version: '6.1', java.version:
                     '1.7.0_51'
                     Session ID: 3a86781a79bc1139108abe6ab357a779
                     Driver info: org.openqa.selenium.chrome.ChromeDriver
                     Capabilities [{platform=XP, acceptSslCerts=true, javascriptEnabled=true, browserName=chrome, chrome={userDataDir=C:\Windows\TEMP\scoped_dir2288_7771},
                     rotatable=false, locationContextEnabled=true, mobileEmulationEnabled=false, version=44.0.2403.107, takesHeapSnapshot=true,
                     cssSelectorsEnabled=true, databaseEnabled=false, handlesAlerts=true, browserConnectionEnabled=false, webStorageEnabled=true,
                     nativeEvents=true, applicationCacheEnabled=false, takesScreenshot=true}]
                     
                  </a>
                   
                  
               </td>
            </tr>
            <tr>
               <td colspan="4" class="detailsBox">
                  <div id="Zoptusmodule.TC012_Mobility_WorkDetails_Page_WorkDetails_SignIn_byStatus_failed_FAIL1_details"
                       class="testMethodDetails">
                     <div>
                        <b>Name: </b>WorkDetails_SignIn
                     </div>
                     <div>
                        <b>Signature: </b>WorkDetails_SignIn()[pri:0, instance:Zoptusmodule.TC012_Mobility_WorkDetails_Page@34f4a7b6]
                     </div>
                     <div>
                        <b>Start time: </b>12:23:53
                     </div>
                     <div>
                        <b>End time: </b>12:24:13
                     </div>
                     <div>
                        <b>Duration: </b>21s
                        
                     </div>
                  </div>
               </td>
            </tr>
            <tr>
               <td colspan="4" class="detailsBox">
                  <div id="Zoptusmodule.TC012_Mobility_WorkDetails_Page_WorkDetails_SignIn_byStatus_failed_FAIL1_exception"
                       class="testMethodDetails">
                     <pre style="padding: 5px; margin: 0;">org.openqa.selenium.NoSuchElementException: no such element
                        (Session info: chrome=44.0.2403.107)
                        (Driver info: chromedriver=2.13.307647 (5a7d0541ebc58e69994a6fb2ed930f45261f3c29),platform=Windows NT 6.1 SP1 x86_64) (WARNING:
                        The server did not provide any stacktrace information)
                        Command duration or timeout: 10.06 seconds
                        For documentation on this error, please visit: http://seleniumhq.org/exceptions/no_such_element.html
                        Build info: version: '2.44.0', revision: '76d78cf', time: '2014-10-23 20:03:00'
                        System info: host: 'CIS20', ip: '192.168.1.177', os.name: 'Windows 7', os.arch: 'amd64', os.version: '6.1', java.version:
                        '1.7.0_51'
                        Session ID: 3a86781a79bc1139108abe6ab357a779
                        Driver info: org.openqa.selenium.chrome.ChromeDriver
                        Capabilities [{platform=XP, acceptSslCerts=true, javascriptEnabled=true, browserName=chrome, chrome={userDataDir=C:\Windows\TEMP\scoped_dir2288_7771},
                        rotatable=false, locationContextEnabled=true, mobileEmulationEnabled=false, version=44.0.2403.107, takesHeapSnapshot=true,
                        cssSelectorsEnabled=true, databaseEnabled=false, handlesAlerts=true, browserConnectionEnabled=false, webStorageEnabled=true,
                        nativeEvents=true, applicationCacheEnabled=false, takesScreenshot=true}]
                        	at sun.reflect.NativeConstructorAccessorImpl.newInstance0(Native Method)
                        	at sun.reflect.NativeConstructorAccessorImpl.newInstance(NativeConstructorAccessorImpl.java:57)
                        	at sun.reflect.DelegatingConstructorAccessorImpl.newInstance(DelegatingConstructorAccessorImpl.java:45)
                        	at java.lang.reflect.Constructor.newInstance(Constructor.java:526)
                        	at org.openqa.selenium.remote.ErrorHandler.createThrowable(ErrorHandler.java:204)
                        	at org.openqa.selenium.remote.ErrorHandler.throwIfResponseFailed(ErrorHandler.java:156)
                        	at org.openqa.selenium.remote.RemoteWebDriver.execute(RemoteWebDriver.java:599)
                        	at org.openqa.selenium.remote.RemoteWebDriver.findElement(RemoteWebDriver.java:352)
                        	at org.openqa.selenium.remote.RemoteWebDriver.findElementById(RemoteWebDriver.java:393)
                        	at org.openqa.selenium.By$ById.findElement(By.java:214)
                        	at org.openqa.selenium.remote.RemoteWebDriver.findElement(RemoteWebDriver.java:344)
                        	at PageObject.Mobility_Login_Page.txtbx_UserName(Mobility_Login_Page.java:14)
                        	at appmodule.Mobility_SignIn_Action.Execute(Mobility_SignIn_Action.java:19)
                        	at Zoptusmodule.TC012_Mobility_WorkDetails_Page.WorkDetails_SignIn(TC012_Mobility_WorkDetails_Page.java:40)
                        	at sun.reflect.NativeMethodAccessorImpl.invoke0(Native Method)
                        	at sun.reflect.NativeMethodAccessorImpl.invoke(NativeMethodAccessorImpl.java:57)
                        	at sun.reflect.DelegatingMethodAccessorImpl.invoke(DelegatingMethodAccessorImpl.java:43)
                        	at java.lang.reflect.Method.invoke(Method.java:606)
                        	at org.testng.internal.MethodInvocationHelper.invokeMethod(MethodInvocationHelper.java:84)
                        	at org.testng.internal.Invoker.invokeMethod(Invoker.java:714)
                        	at org.testng.internal.Invoker.invokeTestMethod(Invoker.java:901)
                        	at org.testng.internal.Invoker.invokeTestMethods(Invoker.java:1231)
                        	at org.testng.internal.TestMethodWorker.invokeTestMethods(TestMethodWorker.java:127)
                        	at org.testng.internal.TestMethodWorker.run(TestMethodWorker.java:111)
                        	at org.testng.TestRunner.privateRun(TestRunner.java:767)
                        	at org.testng.TestRunner.run(TestRunner.java:617)
                        	at org.testng.SuiteRunner.runTest(SuiteRunner.java:334)
                        	at org.testng.SuiteRunner.runSequentially(SuiteRunner.java:329)
                        	at org.testng.SuiteRunner.privateRun(SuiteRunner.java:291)
                        	at org.testng.SuiteRunner.run(SuiteRunner.java:240)
                        	at org.testng.SuiteRunnerWorker.runSuite(SuiteRunnerWorker.java:52)
                        	at org.testng.SuiteRunnerWorker.run(SuiteRunnerWorker.java:86)
                        	at org.testng.TestNG.runSuitesSequentially(TestNG.java:1224)
                        	at org.testng.TestNG.runSuitesLocally(TestNG.java:1149)
                        	at org.testng.TestNG.run(TestNG.java:1057)
                        	at org.testng.TestNG.privateMain(TestNG.java:1364)
                        	at org.testng.TestNG.main(TestNG.java:1333)
                     </pre>
                  </div>
               </td>
            </tr>
            <tr id="Zoptusmodule.TC012_Mobility_WorkDetails_Page_Dashboard_WorkDetails_Search_byStatus_failed_FAIL2_row"
                class="testMethodStatusFAIL">
               <td width="100%" class="firstMethodCell">
                  <a onclick="toggleDetailsVisibility('Zoptusmodule.TC012_Mobility_WorkDetails_Page_Dashboard_WorkDetails_Search_byStatus_failed_FAIL2_details')">Dashboard_WorkDetails_Search()</a>
               </td>
               <td nowrap="true">12:24:14</td>
               <td nowrap="true" align="right">15s
                  
               </td>
               <td nowrap="true">
                  <a onclick="toggleDetailsVisibility('Zoptusmodule.TC012_Mobility_WorkDetails_Page_Dashboard_WorkDetails_Search_byStatus_failed_FAIL2_exception')">org.openqa.selenium.NoSuchElementException: 
                     no such element
                     (Session info: chrome=44.0.2403.107)
                     (Driver info: chromedriver=2.13.307647 (5a7d0541ebc58e69994a6fb2ed930f45261f3c29),platform=Windows NT 6.1 SP1 x86_64) (WARNING:
                     The server did not provide any stacktrace information)
                     Command duration or timeout: 10.03 seconds
                     For documentation on this error, please visit: http://seleniumhq.org/exceptions/no_such_element.html
                     Build info: version: '2.44.0', revision: '76d78cf', time: '2014-10-23 20:03:00'
                     System info: host: 'CIS20', ip: '192.168.1.177', os.name: 'Windows 7', os.arch: 'amd64', os.version: '6.1', java.version:
                     '1.7.0_51'
                     Session ID: 3a86781a79bc1139108abe6ab357a779
                     Driver info: org.openqa.selenium.chrome.ChromeDriver
                     Capabilities [{platform=XP, acceptSslCerts=true, javascriptEnabled=true, browserName=chrome, chrome={userDataDir=C:\Windows\TEMP\scoped_dir2288_7771},
                     rotatable=false, locationContextEnabled=true, mobileEmulationEnabled=false, version=44.0.2403.107, takesHeapSnapshot=true,
                     cssSelectorsEnabled=true, databaseEnabled=false, handlesAlerts=true, browserConnectionEnabled=false, webStorageEnabled=true,
                     nativeEvents=true, applicationCacheEnabled=false, takesScreenshot=true}]
                     
                  </a>
                   
                  
               </td>
            </tr>
            <tr>
               <td colspan="4" class="detailsBox">
                  <div id="Zoptusmodule.TC012_Mobility_WorkDetails_Page_Dashboard_WorkDetails_Search_byStatus_failed_FAIL2_details"
                       class="testMethodDetails">
                     <div>
                        <b>Name: </b>Dashboard_WorkDetails_Search
                     </div>
                     <div>
                        <b>Signature: </b>Dashboard_WorkDetails_Search()[pri:0, instance:Zoptusmodule.TC012_Mobility_WorkDetails_Page@34f4a7b6]
                     </div>
                     <div>
                        <b>Start time: </b>12:24:14
                     </div>
                     <div>
                        <b>End time: </b>12:24:29
                     </div>
                     <div>
                        <b>Duration: </b>15s
                        
                     </div>
                  </div>
               </td>
            </tr>
            <tr>
               <td colspan="4" class="detailsBox">
                  <div id="Zoptusmodule.TC012_Mobility_WorkDetails_Page_Dashboard_WorkDetails_Search_byStatus_failed_FAIL2_exception"
                       class="testMethodDetails">
                     <pre style="padding: 5px; margin: 0;">org.openqa.selenium.NoSuchElementException: no such element
                        (Session info: chrome=44.0.2403.107)
                        (Driver info: chromedriver=2.13.307647 (5a7d0541ebc58e69994a6fb2ed930f45261f3c29),platform=Windows NT 6.1 SP1 x86_64) (WARNING:
                        The server did not provide any stacktrace information)
                        Command duration or timeout: 10.03 seconds
                        For documentation on this error, please visit: http://seleniumhq.org/exceptions/no_such_element.html
                        Build info: version: '2.44.0', revision: '76d78cf', time: '2014-10-23 20:03:00'
                        System info: host: 'CIS20', ip: '192.168.1.177', os.name: 'Windows 7', os.arch: 'amd64', os.version: '6.1', java.version:
                        '1.7.0_51'
                        Session ID: 3a86781a79bc1139108abe6ab357a779
                        Driver info: org.openqa.selenium.chrome.ChromeDriver
                        Capabilities [{platform=XP, acceptSslCerts=true, javascriptEnabled=true, browserName=chrome, chrome={userDataDir=C:\Windows\TEMP\scoped_dir2288_7771},
                        rotatable=false, locationContextEnabled=true, mobileEmulationEnabled=false, version=44.0.2403.107, takesHeapSnapshot=true,
                        cssSelectorsEnabled=true, databaseEnabled=false, handlesAlerts=true, browserConnectionEnabled=false, webStorageEnabled=true,
                        nativeEvents=true, applicationCacheEnabled=false, takesScreenshot=true}]
                        	at sun.reflect.GeneratedConstructorAccessor32.newInstance(Unknown Source)
                        	at sun.reflect.DelegatingConstructorAccessorImpl.newInstance(DelegatingConstructorAccessorImpl.java:45)
                        	at java.lang.reflect.Constructor.newInstance(Constructor.java:526)
                        	at org.openqa.selenium.remote.ErrorHandler.createThrowable(ErrorHandler.java:204)
                        	at org.openqa.selenium.remote.ErrorHandler.throwIfResponseFailed(ErrorHandler.java:156)
                        	at org.openqa.selenium.remote.RemoteWebDriver.execute(RemoteWebDriver.java:599)
                        	at org.openqa.selenium.remote.RemoteWebDriver.findElement(RemoteWebDriver.java:352)
                        	at org.openqa.selenium.remote.RemoteWebDriver.findElementById(RemoteWebDriver.java:393)
                        	at org.openqa.selenium.By$ById.findElement(By.java:214)
                        	at org.openqa.selenium.remote.RemoteWebDriver.findElement(RemoteWebDriver.java:344)
                        	at PageObject.Mobility_Dashboard_Page.txtbx_Search_Site(Mobility_Dashboard_Page.java:21)
                        	at appmodule.Mobility_Dashboard_Action.Dashboard_Search(Mobility_Dashboard_Action.java:14)
                        	at Zoptusmodule.TC012_Mobility_WorkDetails_Page.Dashboard_WorkDetails_Search(TC012_Mobility_WorkDetails_Page.java:46)
                        	at sun.reflect.NativeMethodAccessorImpl.invoke0(Native Method)
                        	at sun.reflect.NativeMethodAccessorImpl.invoke(NativeMethodAccessorImpl.java:57)
                        	at sun.reflect.DelegatingMethodAccessorImpl.invoke(DelegatingMethodAccessorImpl.java:43)
                        	at java.lang.reflect.Method.invoke(Method.java:606)
                        	at org.testng.internal.MethodInvocationHelper.invokeMethod(MethodInvocationHelper.java:84)
                        	at org.testng.internal.Invoker.invokeMethod(Invoker.java:714)
                        	at org.testng.internal.Invoker.invokeTestMethod(Invoker.java:901)
                        	at org.testng.internal.Invoker.invokeTestMethods(Invoker.java:1231)
                        	at org.testng.internal.TestMethodWorker.invokeTestMethods(TestMethodWorker.java:127)
                        	at org.testng.internal.TestMethodWorker.run(TestMethodWorker.java:111)
                        	at org.testng.TestRunner.privateRun(TestRunner.java:767)
                        	at org.testng.TestRunner.run(TestRunner.java:617)
                        	at org.testng.SuiteRunner.runTest(SuiteRunner.java:334)
                        	at org.testng.SuiteRunner.runSequentially(SuiteRunner.java:329)
                        	at org.testng.SuiteRunner.privateRun(SuiteRunner.java:291)
                        	at org.testng.SuiteRunner.run(SuiteRunner.java:240)
                        	at org.testng.SuiteRunnerWorker.runSuite(SuiteRunnerWorker.java:52)
                        	at org.testng.SuiteRunnerWorker.run(SuiteRunnerWorker.java:86)
                        	at org.testng.TestNG.runSuitesSequentially(TestNG.java:1224)
                        	at org.testng.TestNG.runSuitesLocally(TestNG.java:1149)
                        	at org.testng.TestNG.run(TestNG.java:1057)
                        	at org.testng.TestNG.privateMain(TestNG.java:1364)
                        	at org.testng.TestNG.main(TestNG.java:1333)
                     </pre>
                  </div>
               </td>
            </tr>
            <tr id="Zoptusmodule.TC012_Mobility_WorkDetails_Page_WorkDetails_Menu_byStatus_failed_FAIL3_row"
                class="testMethodStatusFAIL">
               <td width="100%" class="firstMethodCell">
                  <a onclick="toggleDetailsVisibility('Zoptusmodule.TC012_Mobility_WorkDetails_Page_WorkDetails_Menu_byStatus_failed_FAIL3_details')">WorkDetails_Menu()</a>
               </td>
               <td nowrap="true">12:24:29</td>
               <td nowrap="true" align="right">10s
                  
               </td>
               <td nowrap="true">
                  <a onclick="toggleDetailsVisibility('Zoptusmodule.TC012_Mobility_WorkDetails_Page_WorkDetails_Menu_byStatus_failed_FAIL3_exception')">org.openqa.selenium.NoSuchElementException: 
                     no such element
                     (Session info: chrome=44.0.2403.107)
                     (Driver info: chromedriver=2.13.307647 (5a7d0541ebc58e69994a6fb2ed930f45261f3c29),platform=Windows NT 6.1 SP1 x86_64) (WARNING:
                     The server did not provide any stacktrace information)
                     Command duration or timeout: 10.04 seconds
                     For documentation on this error, please visit: http://seleniumhq.org/exceptions/no_such_element.html
                     Build info: version: '2.44.0', revision: '76d78cf', time: '2014-10-23 20:03:00'
                     System info: host: 'CIS20', ip: '192.168.1.177', os.name: 'Windows 7', os.arch: 'amd64', os.version: '6.1', java.version:
                     '1.7.0_51'
                     Session ID: 3a86781a79bc1139108abe6ab357a779
                     Driver info: org.openqa.selenium.chrome.ChromeDriver
                     Capabilities [{platform=XP, acceptSslCerts=true, javascriptEnabled=true, browserName=chrome, chrome={userDataDir=C:\Windows\TEMP\scoped_dir2288_7771},
                     rotatable=false, locationContextEnabled=true, mobileEmulationEnabled=false, version=44.0.2403.107, takesHeapSnapshot=true,
                     cssSelectorsEnabled=true, databaseEnabled=false, handlesAlerts=true, browserConnectionEnabled=false, webStorageEnabled=true,
                     nativeEvents=true, applicationCacheEnabled=false, takesScreenshot=true}]
                     
                  </a>
                   
                  
               </td>
            </tr>
            <tr>
               <td colspan="4" class="detailsBox">
                  <div id="Zoptusmodule.TC012_Mobility_WorkDetails_Page_WorkDetails_Menu_byStatus_failed_FAIL3_details"
                       class="testMethodDetails">
                     <div>
                        <b>Name: </b>WorkDetails_Menu
                     </div>
                     <div>
                        <b>Signature: </b>WorkDetails_Menu()[pri:0, instance:Zoptusmodule.TC012_Mobility_WorkDetails_Page@34f4a7b6]
                     </div>
                     <div>
                        <b>Start time: </b>12:24:29
                     </div>
                     <div>
                        <b>End time: </b>12:24:39
                     </div>
                     <div>
                        <b>Duration: </b>10s
                        
                     </div>
                  </div>
               </td>
            </tr>
            <tr>
               <td colspan="4" class="detailsBox">
                  <div id="Zoptusmodule.TC012_Mobility_WorkDetails_Page_WorkDetails_Menu_byStatus_failed_FAIL3_exception"
                       class="testMethodDetails">
                     <pre style="padding: 5px; margin: 0;">org.openqa.selenium.NoSuchElementException: no such element
                        (Session info: chrome=44.0.2403.107)
                        (Driver info: chromedriver=2.13.307647 (5a7d0541ebc58e69994a6fb2ed930f45261f3c29),platform=Windows NT 6.1 SP1 x86_64) (WARNING:
                        The server did not provide any stacktrace information)
                        Command duration or timeout: 10.04 seconds
                        For documentation on this error, please visit: http://seleniumhq.org/exceptions/no_such_element.html
                        Build info: version: '2.44.0', revision: '76d78cf', time: '2014-10-23 20:03:00'
                        System info: host: 'CIS20', ip: '192.168.1.177', os.name: 'Windows 7', os.arch: 'amd64', os.version: '6.1', java.version:
                        '1.7.0_51'
                        Session ID: 3a86781a79bc1139108abe6ab357a779
                        Driver info: org.openqa.selenium.chrome.ChromeDriver
                        Capabilities [{platform=XP, acceptSslCerts=true, javascriptEnabled=true, browserName=chrome, chrome={userDataDir=C:\Windows\TEMP\scoped_dir2288_7771},
                        rotatable=false, locationContextEnabled=true, mobileEmulationEnabled=false, version=44.0.2403.107, takesHeapSnapshot=true,
                        cssSelectorsEnabled=true, databaseEnabled=false, handlesAlerts=true, browserConnectionEnabled=false, webStorageEnabled=true,
                        nativeEvents=true, applicationCacheEnabled=false, takesScreenshot=true}]
                        	at sun.reflect.GeneratedConstructorAccessor32.newInstance(Unknown Source)
                        	at sun.reflect.DelegatingConstructorAccessorImpl.newInstance(DelegatingConstructorAccessorImpl.java:45)
                        	at java.lang.reflect.Constructor.newInstance(Constructor.java:526)
                        	at org.openqa.selenium.remote.ErrorHandler.createThrowable(ErrorHandler.java:204)
                        	at org.openqa.selenium.remote.ErrorHandler.throwIfResponseFailed(ErrorHandler.java:156)
                        	at org.openqa.selenium.remote.RemoteWebDriver.execute(RemoteWebDriver.java:599)
                        	at org.openqa.selenium.remote.RemoteWebDriver.findElement(RemoteWebDriver.java:352)
                        	at org.openqa.selenium.remote.RemoteWebDriver.findElementById(RemoteWebDriver.java:393)
                        	at org.openqa.selenium.By$ById.findElement(By.java:214)
                        	at org.openqa.selenium.remote.RemoteWebDriver.findElement(RemoteWebDriver.java:344)
                        	at PageObject.Mobility_WorkDetails_Page.btn_WorkDetails(Mobility_WorkDetails_Page.java:12)
                        	at appmodule.Mobility_WorkDetails_Action.WorkDetails_Menu(Mobility_WorkDetails_Action.java:14)
                        	at Zoptusmodule.TC012_Mobility_WorkDetails_Page.WorkDetails_Menu(TC012_Mobility_WorkDetails_Page.java:52)
                        	at sun.reflect.NativeMethodAccessorImpl.invoke0(Native Method)
                        	at sun.reflect.NativeMethodAccessorImpl.invoke(NativeMethodAccessorImpl.java:57)
                        	at sun.reflect.DelegatingMethodAccessorImpl.invoke(DelegatingMethodAccessorImpl.java:43)
                        	at java.lang.reflect.Method.invoke(Method.java:606)
                        	at org.testng.internal.MethodInvocationHelper.invokeMethod(MethodInvocationHelper.java:84)
                        	at org.testng.internal.Invoker.invokeMethod(Invoker.java:714)
                        	at org.testng.internal.Invoker.invokeTestMethod(Invoker.java:901)
                        	at org.testng.internal.Invoker.invokeTestMethods(Invoker.java:1231)
                        	at org.testng.internal.TestMethodWorker.invokeTestMethods(TestMethodWorker.java:127)
                        	at org.testng.internal.TestMethodWorker.run(TestMethodWorker.java:111)
                        	at org.testng.TestRunner.privateRun(TestRunner.java:767)
                        	at org.testng.TestRunner.run(TestRunner.java:617)
                        	at org.testng.SuiteRunner.runTest(SuiteRunner.java:334)
                        	at org.testng.SuiteRunner.runSequentially(SuiteRunner.java:329)
                        	at org.testng.SuiteRunner.privateRun(SuiteRunner.java:291)
                        	at org.testng.SuiteRunner.run(SuiteRunner.java:240)
                        	at org.testng.SuiteRunnerWorker.runSuite(SuiteRunnerWorker.java:52)
                        	at org.testng.SuiteRunnerWorker.run(SuiteRunnerWorker.java:86)
                        	at org.testng.TestNG.runSuitesSequentially(TestNG.java:1224)
                        	at org.testng.TestNG.runSuitesLocally(TestNG.java:1149)
                        	at org.testng.TestNG.run(TestNG.java:1057)
                        	at org.testng.TestNG.privateMain(TestNG.java:1364)
                        	at org.testng.TestNG.main(TestNG.java:1333)
                     </pre>
                  </div>
               </td>
            </tr>
            <tr id="Zoptusmodule.TC012_Mobility_WorkDetails_Page_bft_byStatus_passed_PASS1_row"
                class="testMethodStatusPASS testMethodStatusCONF">
               <td width="100%" class="firstMethodCell">
                  <a onclick="toggleDetailsVisibility('Zoptusmodule.TC012_Mobility_WorkDetails_Page_bft_byStatus_passed_PASS1_details')">bft()</a>
               </td>
               <td nowrap="true">12:23:51</td>
               <td nowrap="true" align="right">2s
                  
               </td>
               <td nowrap="true">
                   
                  
               </td>
            </tr>
            <tr>
               <td colspan="4" class="detailsBox">
                  <div id="Zoptusmodule.TC012_Mobility_WorkDetails_Page_bft_byStatus_passed_PASS1_details"
                       class="testMethodDetails">
                     <div>
                        <b>Name: </b>bft
                     </div>
                     <div>
                        <b>Signature: </b>bft()[pri:0, instance:Zoptusmodule.TC012_Mobility_WorkDetails_Page@34f4a7b6]
                     </div>
                     <div>
                        <b>Start time: </b>12:23:51
                     </div>
                     <div>
                        <b>End time: </b>12:23:53
                     </div>
                     <div>
                        <b>Duration: </b>2s
                        
                     </div>
                  </div>
               </td>
            </tr>
            <tr></tr>
            <tr id="Zoptusmodule.TC012_Mobility_WorkDetails_Page_takeScreenShotOnFailure_byStatus_passed_PASS2_row"
                class="testMethodStatusPASS testMethodStatusCONF">
               <td width="100%" class="firstMethodCell">
                  <a onclick="toggleDetailsVisibility('Zoptusmodule.TC012_Mobility_WorkDetails_Page_takeScreenShotOnFailure_byStatus_passed_PASS2_details')">takeScreenShotOnFailure([TestResult name=WorkDetails_SignIn status=FAILURE method=TC012_Mobility_WorkDetails_Page.WorkDetails_SignIn()[pri:0,
                     instance:Zoptusmodule.TC012_Mobility_WorkDetails_Page@34f4a7b6] output={null}])
                  </a>
               </td>
               <td nowrap="true">12:24:13</td>
               <td nowrap="true" align="right">211 ms
                  
               </td>
               <td nowrap="true">
                   
                  
               </td>
            </tr>
            <tr>
               <td colspan="4" class="detailsBox">
                  <div id="Zoptusmodule.TC012_Mobility_WorkDetails_Page_takeScreenShotOnFailure_byStatus_passed_PASS2_details"
                       class="testMethodDetails">
                     <div>
                        <b>Name: </b>takeScreenShotOnFailure
                     </div>
                     <div>
                        <b>Signature: </b>takeScreenShotOnFailure(org.testng.ITestResult)[pri:0, instance:Zoptusmodule.TC012_Mobility_WorkDetails_Page@34f4a7b6]
                     </div>
                     <div>
                        <b>Parameters: </b>
                        
                        [TestResult name=WorkDetails_SignIn status=FAILURE method=TC012_Mobility_WorkDetails_Page.WorkDetails_SignIn()[pri:0, instance:Zoptusmodule.TC012_Mobility_WorkDetails_Page@34f4a7b6]
                        output={null}]
                        
                        
                     </div>
                     <div>
                        <b>Start time: </b>12:24:13
                     </div>
                     <div>
                        <b>End time: </b>12:24:14
                     </div>
                     <div>
                        <b>Duration: </b>211 ms
                        
                     </div>
                  </div>
               </td>
            </tr>
            <tr></tr>
            <tr id="Zoptusmodule.TC012_Mobility_WorkDetails_Page_takeScreenShotOnFailure_byStatus_passed_PASS3_row"
                class="testMethodStatusPASS testMethodStatusCONF">
               <td width="100%" class="firstMethodCell">
                  <a onclick="toggleDetailsVisibility('Zoptusmodule.TC012_Mobility_WorkDetails_Page_takeScreenShotOnFailure_byStatus_passed_PASS3_details')">takeScreenShotOnFailure([TestResult name=Dashboard_WorkDetails_Search status=FAILURE method=TC012_Mobility_WorkDetails_Page.Dashboard_WorkDetails_Search()[pri:0,
                     instance:Zoptusmodule.TC012_Mobility_WorkDetails_Page@34f4a7b6] output={null}])
                  </a>
               </td>
               <td nowrap="true">12:24:29</td>
               <td nowrap="true" align="right">211 ms
                  
               </td>
               <td nowrap="true">
                   
                  
               </td>
            </tr>
            <tr>
               <td colspan="4" class="detailsBox">
                  <div id="Zoptusmodule.TC012_Mobility_WorkDetails_Page_takeScreenShotOnFailure_byStatus_passed_PASS3_details"
                       class="testMethodDetails">
                     <div>
                        <b>Name: </b>takeScreenShotOnFailure
                     </div>
                     <div>
                        <b>Signature: </b>takeScreenShotOnFailure(org.testng.ITestResult)[pri:0, instance:Zoptusmodule.TC012_Mobility_WorkDetails_Page@34f4a7b6]
                     </div>
                     <div>
                        <b>Parameters: </b>
                        
                        [TestResult name=Dashboard_WorkDetails_Search status=FAILURE method=TC012_Mobility_WorkDetails_Page.Dashboard_WorkDetails_Search()[pri:0,
                        instance:Zoptusmodule.TC012_Mobility_WorkDetails_Page@34f4a7b6] output={null}]
                        
                        
                     </div>
                     <div>
                        <b>Start time: </b>12:24:29
                     </div>
                     <div>
                        <b>End time: </b>12:24:29
                     </div>
                     <div>
                        <b>Duration: </b>211 ms
                        
                     </div>
                  </div>
               </td>
            </tr>
            <tr></tr>
            <tr id="Zoptusmodule.TC012_Mobility_WorkDetails_Page_takeScreenShotOnFailure_byStatus_passed_PASS4_row"
                class="testMethodStatusPASS testMethodStatusCONF">
               <td width="100%" class="firstMethodCell">
                  <a onclick="toggleDetailsVisibility('Zoptusmodule.TC012_Mobility_WorkDetails_Page_takeScreenShotOnFailure_byStatus_passed_PASS4_details')">takeScreenShotOnFailure([TestResult name=WorkDetails_Menu status=FAILURE method=TC012_Mobility_WorkDetails_Page.WorkDetails_Menu()[pri:0,
                     instance:Zoptusmodule.TC012_Mobility_WorkDetails_Page@34f4a7b6] output={null}])
                  </a>
               </td>
               <td nowrap="true">12:24:39</td>
               <td nowrap="true" align="right">193 ms
                  
               </td>
               <td nowrap="true">
                   
                  
               </td>
            </tr>
            <tr>
               <td colspan="4" class="detailsBox">
                  <div id="Zoptusmodule.TC012_Mobility_WorkDetails_Page_takeScreenShotOnFailure_byStatus_passed_PASS4_details"
                       class="testMethodDetails">
                     <div>
                        <b>Name: </b>takeScreenShotOnFailure
                     </div>
                     <div>
                        <b>Signature: </b>takeScreenShotOnFailure(org.testng.ITestResult)[pri:0, instance:Zoptusmodule.TC012_Mobility_WorkDetails_Page@34f4a7b6]
                     </div>
                     <div>
                        <b>Parameters: </b>
                        
                        [TestResult name=WorkDetails_Menu status=FAILURE method=TC012_Mobility_WorkDetails_Page.WorkDetails_Menu()[pri:0, instance:Zoptusmodule.TC012_Mobility_WorkDetails_Page@34f4a7b6]
                        output={null}]
                        
                        
                     </div>
                     <div>
                        <b>Start time: </b>12:24:39
                     </div>
                     <div>
                        <b>End time: </b>12:24:39
                     </div>
                     <div>
                        <b>Duration: </b>193 ms
                        
                     </div>
                  </div>
               </td>
            </tr>
            <tr></tr>
            <tr id="Zoptusmodule.TC012_Mobility_WorkDetails_Page_Aft_byStatus_passed_PASS5_row"
                class="testMethodStatusPASS testMethodStatusCONF">
               <td width="100%" class="firstMethodCell">
                  <a onclick="toggleDetailsVisibility('Zoptusmodule.TC012_Mobility_WorkDetails_Page_Aft_byStatus_passed_PASS5_details')">Aft()</a>
               </td>
               <td nowrap="true">12:24:39</td>
               <td nowrap="true" align="right">1s
                  
               </td>
               <td nowrap="true">
                   
                  
               </td>
            </tr>
            <tr>
               <td colspan="4" class="detailsBox">
                  <div id="Zoptusmodule.TC012_Mobility_WorkDetails_Page_Aft_byStatus_passed_PASS5_details"
                       class="testMethodDetails">
                     <div>
                        <b>Name: </b>Aft
                     </div>
                     <div>
                        <b>Signature: </b>Aft()[pri:0, instance:Zoptusmodule.TC012_Mobility_WorkDetails_Page@34f4a7b6]
                     </div>
                     <div>
                        <b>Start time: </b>12:24:39
                     </div>
                     <div>
                        <b>End time: </b>12:24:40
                     </div>
                     <div>
                        <b>Duration: </b>1s
                        
                     </div>
                  </div>
               </td>
            </tr>
            <tr></tr>
         </table>
      </div>
      <div id="testMethodsByClass">
         <table class="testMethodsTable" cellpadding="0" cellspacing="0">
            <tr>
               <td colspan="4">
                  <h3 style="display: inline;">Zoptusmodule.TC012_Mobility_WorkDetails_Page</h3>
               </td>
            </tr>
            <tr class="methodsTableHeader">
               <td width="100%">Name</td>
               <td nowrap="true">Started</td>
               <td nowrap="true">Duration</td>
               <td>Exception</td>
            </tr>
            <tr id="Zoptusmodule.TC012_Mobility_WorkDetails_Page_bft_byClass_PASS1_row"
                class="testMethodStatusPASS testMethodStatusCONF">
               <td width="100%" class="firstMethodCell">
                  <a onclick="toggleDetailsVisibility('Zoptusmodule.TC012_Mobility_WorkDetails_Page_bft_byClass_PASS1_details')">bft()</a>
               </td>
               <td nowrap="true">12:23:51</td>
               <td nowrap="true" align="right">2s
                  
               </td>
               <td nowrap="true">
                   
                  
               </td>
            </tr>
            <tr>
               <td colspan="4" class="detailsBox">
                  <div id="Zoptusmodule.TC012_Mobility_WorkDetails_Page_bft_byClass_PASS1_details"
                       class="testMethodDetails">
                     <div>
                        <b>Name: </b>bft
                     </div>
                     <div>
                        <b>Signature: </b>bft()[pri:0, instance:Zoptusmodule.TC012_Mobility_WorkDetails_Page@34f4a7b6]
                     </div>
                     <div>
                        <b>Start time: </b>12:23:51
                     </div>
                     <div>
                        <b>End time: </b>12:23:53
                     </div>
                     <div>
                        <b>Duration: </b>2s
                        
                     </div>
                  </div>
               </td>
            </tr>
            <tr></tr>
            <tr id="Zoptusmodule.TC012_Mobility_WorkDetails_Page_WorkDetails_SignIn_byClass_FAIL2_row"
                class="testMethodStatusFAIL">
               <td width="100%" class="firstMethodCell">
                  <a onclick="toggleDetailsVisibility('Zoptusmodule.TC012_Mobility_WorkDetails_Page_WorkDetails_SignIn_byClass_FAIL2_details')">WorkDetails_SignIn()</a>
               </td>
               <td nowrap="true">12:23:53</td>
               <td nowrap="true" align="right">21s
                  
               </td>
               <td nowrap="true">
                  <a onclick="toggleDetailsVisibility('Zoptusmodule.TC012_Mobility_WorkDetails_Page_WorkDetails_SignIn_byClass_FAIL2_exception')">org.openqa.selenium.NoSuchElementException: 
                     no such element
                     (Session info: chrome=44.0.2403.107)
                     (Driver info: chromedriver=2.13.307647 (5a7d0541ebc58e69994a6fb2ed930f45261f3c29),platform=Windows NT 6.1 SP1 x86_64) (WARNING:
                     The server did not provide any stacktrace information)
                     Command duration or timeout: 10.06 seconds
                     For documentation on this error, please visit: http://seleniumhq.org/exceptions/no_such_element.html
                     Build info: version: '2.44.0', revision: '76d78cf', time: '2014-10-23 20:03:00'
                     System info: host: 'CIS20', ip: '192.168.1.177', os.name: 'Windows 7', os.arch: 'amd64', os.version: '6.1', java.version:
                     '1.7.0_51'
                     Session ID: 3a86781a79bc1139108abe6ab357a779
                     Driver info: org.openqa.selenium.chrome.ChromeDriver
                     Capabilities [{platform=XP, acceptSslCerts=true, javascriptEnabled=true, browserName=chrome, chrome={userDataDir=C:\Windows\TEMP\scoped_dir2288_7771},
                     rotatable=false, locationContextEnabled=true, mobileEmulationEnabled=false, version=44.0.2403.107, takesHeapSnapshot=true,
                     cssSelectorsEnabled=true, databaseEnabled=false, handlesAlerts=true, browserConnectionEnabled=false, webStorageEnabled=true,
                     nativeEvents=true, applicationCacheEnabled=false, takesScreenshot=true}]
                     
                  </a>
                   
                  
               </td>
            </tr>
            <tr>
               <td colspan="4" class="detailsBox">
                  <div id="Zoptusmodule.TC012_Mobility_WorkDetails_Page_WorkDetails_SignIn_byClass_FAIL2_details"
                       class="testMethodDetails">
                     <div>
                        <b>Name: </b>WorkDetails_SignIn
                     </div>
                     <div>
                        <b>Signature: </b>WorkDetails_SignIn()[pri:0, instance:Zoptusmodule.TC012_Mobility_WorkDetails_Page@34f4a7b6]
                     </div>
                     <div>
                        <b>Start time: </b>12:23:53
                     </div>
                     <div>
                        <b>End time: </b>12:24:13
                     </div>
                     <div>
                        <b>Duration: </b>21s
                        
                     </div>
                  </div>
               </td>
            </tr>
            <tr>
               <td colspan="4" class="detailsBox">
                  <div id="Zoptusmodule.TC012_Mobility_WorkDetails_Page_WorkDetails_SignIn_byClass_FAIL2_exception"
                       class="testMethodDetails">
                     <pre style="padding: 5px; margin: 0;">org.openqa.selenium.NoSuchElementException: no such element
                        (Session info: chrome=44.0.2403.107)
                        (Driver info: chromedriver=2.13.307647 (5a7d0541ebc58e69994a6fb2ed930f45261f3c29),platform=Windows NT 6.1 SP1 x86_64) (WARNING:
                        The server did not provide any stacktrace information)
                        Command duration or timeout: 10.06 seconds
                        For documentation on this error, please visit: http://seleniumhq.org/exceptions/no_such_element.html
                        Build info: version: '2.44.0', revision: '76d78cf', time: '2014-10-23 20:03:00'
                        System info: host: 'CIS20', ip: '192.168.1.177', os.name: 'Windows 7', os.arch: 'amd64', os.version: '6.1', java.version:
                        '1.7.0_51'
                        Session ID: 3a86781a79bc1139108abe6ab357a779
                        Driver info: org.openqa.selenium.chrome.ChromeDriver
                        Capabilities [{platform=XP, acceptSslCerts=true, javascriptEnabled=true, browserName=chrome, chrome={userDataDir=C:\Windows\TEMP\scoped_dir2288_7771},
                        rotatable=false, locationContextEnabled=true, mobileEmulationEnabled=false, version=44.0.2403.107, takesHeapSnapshot=true,
                        cssSelectorsEnabled=true, databaseEnabled=false, handlesAlerts=true, browserConnectionEnabled=false, webStorageEnabled=true,
                        nativeEvents=true, applicationCacheEnabled=false, takesScreenshot=true}]
                        	at sun.reflect.NativeConstructorAccessorImpl.newInstance0(Native Method)
                        	at sun.reflect.NativeConstructorAccessorImpl.newInstance(NativeConstructorAccessorImpl.java:57)
                        	at sun.reflect.DelegatingConstructorAccessorImpl.newInstance(DelegatingConstructorAccessorImpl.java:45)
                        	at java.lang.reflect.Constructor.newInstance(Constructor.java:526)
                        	at org.openqa.selenium.remote.ErrorHandler.createThrowable(ErrorHandler.java:204)
                        	at org.openqa.selenium.remote.ErrorHandler.throwIfResponseFailed(ErrorHandler.java:156)
                        	at org.openqa.selenium.remote.RemoteWebDriver.execute(RemoteWebDriver.java:599)
                        	at org.openqa.selenium.remote.RemoteWebDriver.findElement(RemoteWebDriver.java:352)
                        	at org.openqa.selenium.remote.RemoteWebDriver.findElementById(RemoteWebDriver.java:393)
                        	at org.openqa.selenium.By$ById.findElement(By.java:214)
                        	at org.openqa.selenium.remote.RemoteWebDriver.findElement(RemoteWebDriver.java:344)
                        	at PageObject.Mobility_Login_Page.txtbx_UserName(Mobility_Login_Page.java:14)
                        	at appmodule.Mobility_SignIn_Action.Execute(Mobility_SignIn_Action.java:19)
                        	at Zoptusmodule.TC012_Mobility_WorkDetails_Page.WorkDetails_SignIn(TC012_Mobility_WorkDetails_Page.java:40)
                        	at sun.reflect.NativeMethodAccessorImpl.invoke0(Native Method)
                        	at sun.reflect.NativeMethodAccessorImpl.invoke(NativeMethodAccessorImpl.java:57)
                        	at sun.reflect.DelegatingMethodAccessorImpl.invoke(DelegatingMethodAccessorImpl.java:43)
                        	at java.lang.reflect.Method.invoke(Method.java:606)
                        	at org.testng.internal.MethodInvocationHelper.invokeMethod(MethodInvocationHelper.java:84)
                        	at org.testng.internal.Invoker.invokeMethod(Invoker.java:714)
                        	at org.testng.internal.Invoker.invokeTestMethod(Invoker.java:901)
                        	at org.testng.internal.Invoker.invokeTestMethods(Invoker.java:1231)
                        	at org.testng.internal.TestMethodWorker.invokeTestMethods(TestMethodWorker.java:127)
                        	at org.testng.internal.TestMethodWorker.run(TestMethodWorker.java:111)
                        	at org.testng.TestRunner.privateRun(TestRunner.java:767)
                        	at org.testng.TestRunner.run(TestRunner.java:617)
                        	at org.testng.SuiteRunner.runTest(SuiteRunner.java:334)
                        	at org.testng.SuiteRunner.runSequentially(SuiteRunner.java:329)
                        	at org.testng.SuiteRunner.privateRun(SuiteRunner.java:291)
                        	at org.testng.SuiteRunner.run(SuiteRunner.java:240)
                        	at org.testng.SuiteRunnerWorker.runSuite(SuiteRunnerWorker.java:52)
                        	at org.testng.SuiteRunnerWorker.run(SuiteRunnerWorker.java:86)
                        	at org.testng.TestNG.runSuitesSequentially(TestNG.java:1224)
                        	at org.testng.TestNG.runSuitesLocally(TestNG.java:1149)
                        	at org.testng.TestNG.run(TestNG.java:1057)
                        	at org.testng.TestNG.privateMain(TestNG.java:1364)
                        	at org.testng.TestNG.main(TestNG.java:1333)
                     </pre>
                  </div>
               </td>
            </tr>
            <tr id="Zoptusmodule.TC012_Mobility_WorkDetails_Page_takeScreenShotOnFailure_byClass_PASS3_row"
                class="testMethodStatusPASS testMethodStatusCONF">
               <td width="100%" class="firstMethodCell">
                  <a onclick="toggleDetailsVisibility('Zoptusmodule.TC012_Mobility_WorkDetails_Page_takeScreenShotOnFailure_byClass_PASS3_details')">takeScreenShotOnFailure([TestResult name=WorkDetails_SignIn status=FAILURE method=TC012_Mobility_WorkDetails_Page.WorkDetails_SignIn()[pri:0,
                     instance:Zoptusmodule.TC012_Mobility_WorkDetails_Page@34f4a7b6] output={null}])
                  </a>
               </td>
               <td nowrap="true">12:24:13</td>
               <td nowrap="true" align="right">211 ms
                  
               </td>
               <td nowrap="true">
                   
                  
               </td>
            </tr>
            <tr>
               <td colspan="4" class="detailsBox">
                  <div id="Zoptusmodule.TC012_Mobility_WorkDetails_Page_takeScreenShotOnFailure_byClass_PASS3_details"
                       class="testMethodDetails">
                     <div>
                        <b>Name: </b>takeScreenShotOnFailure
                     </div>
                     <div>
                        <b>Signature: </b>takeScreenShotOnFailure(org.testng.ITestResult)[pri:0, instance:Zoptusmodule.TC012_Mobility_WorkDetails_Page@34f4a7b6]
                     </div>
                     <div>
                        <b>Parameters: </b>
                        
                        [TestResult name=WorkDetails_SignIn status=FAILURE method=TC012_Mobility_WorkDetails_Page.WorkDetails_SignIn()[pri:0, instance:Zoptusmodule.TC012_Mobility_WorkDetails_Page@34f4a7b6]
                        output={null}]
                        
                        
                     </div>
                     <div>
                        <b>Start time: </b>12:24:13
                     </div>
                     <div>
                        <b>End time: </b>12:24:14
                     </div>
                     <div>
                        <b>Duration: </b>211 ms
                        
                     </div>
                  </div>
               </td>
            </tr>
            <tr></tr>
            <tr id="Zoptusmodule.TC012_Mobility_WorkDetails_Page_Dashboard_WorkDetails_Search_byClass_FAIL4_row"
                class="testMethodStatusFAIL">
               <td width="100%" class="firstMethodCell">
                  <a onclick="toggleDetailsVisibility('Zoptusmodule.TC012_Mobility_WorkDetails_Page_Dashboard_WorkDetails_Search_byClass_FAIL4_details')">Dashboard_WorkDetails_Search()</a>
               </td>
               <td nowrap="true">12:24:14</td>
               <td nowrap="true" align="right">15s
                  
               </td>
               <td nowrap="true">
                  <a onclick="toggleDetailsVisibility('Zoptusmodule.TC012_Mobility_WorkDetails_Page_Dashboard_WorkDetails_Search_byClass_FAIL4_exception')">org.openqa.selenium.NoSuchElementException: 
                     no such element
                     (Session info: chrome=44.0.2403.107)
                     (Driver info: chromedriver=2.13.307647 (5a7d0541ebc58e69994a6fb2ed930f45261f3c29),platform=Windows NT 6.1 SP1 x86_64) (WARNING:
                     The server did not provide any stacktrace information)
                     Command duration or timeout: 10.03 seconds
                     For documentation on this error, please visit: http://seleniumhq.org/exceptions/no_such_element.html
                     Build info: version: '2.44.0', revision: '76d78cf', time: '2014-10-23 20:03:00'
                     System info: host: 'CIS20', ip: '192.168.1.177', os.name: 'Windows 7', os.arch: 'amd64', os.version: '6.1', java.version:
                     '1.7.0_51'
                     Session ID: 3a86781a79bc1139108abe6ab357a779
                     Driver info: org.openqa.selenium.chrome.ChromeDriver
                     Capabilities [{platform=XP, acceptSslCerts=true, javascriptEnabled=true, browserName=chrome, chrome={userDataDir=C:\Windows\TEMP\scoped_dir2288_7771},
                     rotatable=false, locationContextEnabled=true, mobileEmulationEnabled=false, version=44.0.2403.107, takesHeapSnapshot=true,
                     cssSelectorsEnabled=true, databaseEnabled=false, handlesAlerts=true, browserConnectionEnabled=false, webStorageEnabled=true,
                     nativeEvents=true, applicationCacheEnabled=false, takesScreenshot=true}]
                     
                  </a>
                   
                  
               </td>
            </tr>
            <tr>
               <td colspan="4" class="detailsBox">
                  <div id="Zoptusmodule.TC012_Mobility_WorkDetails_Page_Dashboard_WorkDetails_Search_byClass_FAIL4_details"
                       class="testMethodDetails">
                     <div>
                        <b>Name: </b>Dashboard_WorkDetails_Search
                     </div>
                     <div>
                        <b>Signature: </b>Dashboard_WorkDetails_Search()[pri:0, instance:Zoptusmodule.TC012_Mobility_WorkDetails_Page@34f4a7b6]
                     </div>
                     <div>
                        <b>Start time: </b>12:24:14
                     </div>
                     <div>
                        <b>End time: </b>12:24:29
                     </div>
                     <div>
                        <b>Duration: </b>15s
                        
                     </div>
                  </div>
               </td>
            </tr>
            <tr>
               <td colspan="4" class="detailsBox">
                  <div id="Zoptusmodule.TC012_Mobility_WorkDetails_Page_Dashboard_WorkDetails_Search_byClass_FAIL4_exception"
                       class="testMethodDetails">
                     <pre style="padding: 5px; margin: 0;">org.openqa.selenium.NoSuchElementException: no such element
                        (Session info: chrome=44.0.2403.107)
                        (Driver info: chromedriver=2.13.307647 (5a7d0541ebc58e69994a6fb2ed930f45261f3c29),platform=Windows NT 6.1 SP1 x86_64) (WARNING:
                        The server did not provide any stacktrace information)
                        Command duration or timeout: 10.03 seconds
                        For documentation on this error, please visit: http://seleniumhq.org/exceptions/no_such_element.html
                        Build info: version: '2.44.0', revision: '76d78cf', time: '2014-10-23 20:03:00'
                        System info: host: 'CIS20', ip: '192.168.1.177', os.name: 'Windows 7', os.arch: 'amd64', os.version: '6.1', java.version:
                        '1.7.0_51'
                        Session ID: 3a86781a79bc1139108abe6ab357a779
                        Driver info: org.openqa.selenium.chrome.ChromeDriver
                        Capabilities [{platform=XP, acceptSslCerts=true, javascriptEnabled=true, browserName=chrome, chrome={userDataDir=C:\Windows\TEMP\scoped_dir2288_7771},
                        rotatable=false, locationContextEnabled=true, mobileEmulationEnabled=false, version=44.0.2403.107, takesHeapSnapshot=true,
                        cssSelectorsEnabled=true, databaseEnabled=false, handlesAlerts=true, browserConnectionEnabled=false, webStorageEnabled=true,
                        nativeEvents=true, applicationCacheEnabled=false, takesScreenshot=true}]
                        	at sun.reflect.GeneratedConstructorAccessor32.newInstance(Unknown Source)
                        	at sun.reflect.DelegatingConstructorAccessorImpl.newInstance(DelegatingConstructorAccessorImpl.java:45)
                        	at java.lang.reflect.Constructor.newInstance(Constructor.java:526)
                        	at org.openqa.selenium.remote.ErrorHandler.createThrowable(ErrorHandler.java:204)
                        	at org.openqa.selenium.remote.ErrorHandler.throwIfResponseFailed(ErrorHandler.java:156)
                        	at org.openqa.selenium.remote.RemoteWebDriver.execute(RemoteWebDriver.java:599)
                        	at org.openqa.selenium.remote.RemoteWebDriver.findElement(RemoteWebDriver.java:352)
                        	at org.openqa.selenium.remote.RemoteWebDriver.findElementById(RemoteWebDriver.java:393)
                        	at org.openqa.selenium.By$ById.findElement(By.java:214)
                        	at org.openqa.selenium.remote.RemoteWebDriver.findElement(RemoteWebDriver.java:344)
                        	at PageObject.Mobility_Dashboard_Page.txtbx_Search_Site(Mobility_Dashboard_Page.java:21)
                        	at appmodule.Mobility_Dashboard_Action.Dashboard_Search(Mobility_Dashboard_Action.java:14)
                        	at Zoptusmodule.TC012_Mobility_WorkDetails_Page.Dashboard_WorkDetails_Search(TC012_Mobility_WorkDetails_Page.java:46)
                        	at sun.reflect.NativeMethodAccessorImpl.invoke0(Native Method)
                        	at sun.reflect.NativeMethodAccessorImpl.invoke(NativeMethodAccessorImpl.java:57)
                        	at sun.reflect.DelegatingMethodAccessorImpl.invoke(DelegatingMethodAccessorImpl.java:43)
                        	at java.lang.reflect.Method.invoke(Method.java:606)
                        	at org.testng.internal.MethodInvocationHelper.invokeMethod(MethodInvocationHelper.java:84)
                        	at org.testng.internal.Invoker.invokeMethod(Invoker.java:714)
                        	at org.testng.internal.Invoker.invokeTestMethod(Invoker.java:901)
                        	at org.testng.internal.Invoker.invokeTestMethods(Invoker.java:1231)
                        	at org.testng.internal.TestMethodWorker.invokeTestMethods(TestMethodWorker.java:127)
                        	at org.testng.internal.TestMethodWorker.run(TestMethodWorker.java:111)
                        	at org.testng.TestRunner.privateRun(TestRunner.java:767)
                        	at org.testng.TestRunner.run(TestRunner.java:617)
                        	at org.testng.SuiteRunner.runTest(SuiteRunner.java:334)
                        	at org.testng.SuiteRunner.runSequentially(SuiteRunner.java:329)
                        	at org.testng.SuiteRunner.privateRun(SuiteRunner.java:291)
                        	at org.testng.SuiteRunner.run(SuiteRunner.java:240)
                        	at org.testng.SuiteRunnerWorker.runSuite(SuiteRunnerWorker.java:52)
                        	at org.testng.SuiteRunnerWorker.run(SuiteRunnerWorker.java:86)
                        	at org.testng.TestNG.runSuitesSequentially(TestNG.java:1224)
                        	at org.testng.TestNG.runSuitesLocally(TestNG.java:1149)
                        	at org.testng.TestNG.run(TestNG.java:1057)
                        	at org.testng.TestNG.privateMain(TestNG.java:1364)
                        	at org.testng.TestNG.main(TestNG.java:1333)
                     </pre>
                  </div>
               </td>
            </tr>
            <tr id="Zoptusmodule.TC012_Mobility_WorkDetails_Page_takeScreenShotOnFailure_byClass_PASS5_row"
                class="testMethodStatusPASS testMethodStatusCONF">
               <td width="100%" class="firstMethodCell">
                  <a onclick="toggleDetailsVisibility('Zoptusmodule.TC012_Mobility_WorkDetails_Page_takeScreenShotOnFailure_byClass_PASS5_details')">takeScreenShotOnFailure([TestResult name=Dashboard_WorkDetails_Search status=FAILURE method=TC012_Mobility_WorkDetails_Page.Dashboard_WorkDetails_Search()[pri:0,
                     instance:Zoptusmodule.TC012_Mobility_WorkDetails_Page@34f4a7b6] output={null}])
                  </a>
               </td>
               <td nowrap="true">12:24:29</td>
               <td nowrap="true" align="right">211 ms
                  
               </td>
               <td nowrap="true">
                   
                  
               </td>
            </tr>
            <tr>
               <td colspan="4" class="detailsBox">
                  <div id="Zoptusmodule.TC012_Mobility_WorkDetails_Page_takeScreenShotOnFailure_byClass_PASS5_details"
                       class="testMethodDetails">
                     <div>
                        <b>Name: </b>takeScreenShotOnFailure
                     </div>
                     <div>
                        <b>Signature: </b>takeScreenShotOnFailure(org.testng.ITestResult)[pri:0, instance:Zoptusmodule.TC012_Mobility_WorkDetails_Page@34f4a7b6]
                     </div>
                     <div>
                        <b>Parameters: </b>
                        
                        [TestResult name=Dashboard_WorkDetails_Search status=FAILURE method=TC012_Mobility_WorkDetails_Page.Dashboard_WorkDetails_Search()[pri:0,
                        instance:Zoptusmodule.TC012_Mobility_WorkDetails_Page@34f4a7b6] output={null}]
                        
                        
                     </div>
                     <div>
                        <b>Start time: </b>12:24:29
                     </div>
                     <div>
                        <b>End time: </b>12:24:29
                     </div>
                     <div>
                        <b>Duration: </b>211 ms
                        
                     </div>
                  </div>
               </td>
            </tr>
            <tr></tr>
            <tr id="Zoptusmodule.TC012_Mobility_WorkDetails_Page_WorkDetails_Menu_byClass_FAIL6_row"
                class="testMethodStatusFAIL">
               <td width="100%" class="firstMethodCell">
                  <a onclick="toggleDetailsVisibility('Zoptusmodule.TC012_Mobility_WorkDetails_Page_WorkDetails_Menu_byClass_FAIL6_details')">WorkDetails_Menu()</a>
               </td>
               <td nowrap="true">12:24:29</td>
               <td nowrap="true" align="right">10s
                  
               </td>
               <td nowrap="true">
                  <a onclick="toggleDetailsVisibility('Zoptusmodule.TC012_Mobility_WorkDetails_Page_WorkDetails_Menu_byClass_FAIL6_exception')">org.openqa.selenium.NoSuchElementException: 
                     no such element
                     (Session info: chrome=44.0.2403.107)
                     (Driver info: chromedriver=2.13.307647 (5a7d0541ebc58e69994a6fb2ed930f45261f3c29),platform=Windows NT 6.1 SP1 x86_64) (WARNING:
                     The server did not provide any stacktrace information)
                     Command duration or timeout: 10.04 seconds
                     For documentation on this error, please visit: http://seleniumhq.org/exceptions/no_such_element.html
                     Build info: version: '2.44.0', revision: '76d78cf', time: '2014-10-23 20:03:00'
                     System info: host: 'CIS20', ip: '192.168.1.177', os.name: 'Windows 7', os.arch: 'amd64', os.version: '6.1', java.version:
                     '1.7.0_51'
                     Session ID: 3a86781a79bc1139108abe6ab357a779
                     Driver info: org.openqa.selenium.chrome.ChromeDriver
                     Capabilities [{platform=XP, acceptSslCerts=true, javascriptEnabled=true, browserName=chrome, chrome={userDataDir=C:\Windows\TEMP\scoped_dir2288_7771},
                     rotatable=false, locationContextEnabled=true, mobileEmulationEnabled=false, version=44.0.2403.107, takesHeapSnapshot=true,
                     cssSelectorsEnabled=true, databaseEnabled=false, handlesAlerts=true, browserConnectionEnabled=false, webStorageEnabled=true,
                     nativeEvents=true, applicationCacheEnabled=false, takesScreenshot=true}]
                     
                  </a>
                   
                  
               </td>
            </tr>
            <tr>
               <td colspan="4" class="detailsBox">
                  <div id="Zoptusmodule.TC012_Mobility_WorkDetails_Page_WorkDetails_Menu_byClass_FAIL6_details"
                       class="testMethodDetails">
                     <div>
                        <b>Name: </b>WorkDetails_Menu
                     </div>
                     <div>
                        <b>Signature: </b>WorkDetails_Menu()[pri:0, instance:Zoptusmodule.TC012_Mobility_WorkDetails_Page@34f4a7b6]
                     </div>
                     <div>
                        <b>Start time: </b>12:24:29
                     </div>
                     <div>
                        <b>End time: </b>12:24:39
                     </div>
                     <div>
                        <b>Duration: </b>10s
                        
                     </div>
                  </div>
               </td>
            </tr>
            <tr>
               <td colspan="4" class="detailsBox">
                  <div id="Zoptusmodule.TC012_Mobility_WorkDetails_Page_WorkDetails_Menu_byClass_FAIL6_exception"
                       class="testMethodDetails">
                     <pre style="padding: 5px; margin: 0;">org.openqa.selenium.NoSuchElementException: no such element
                        (Session info: chrome=44.0.2403.107)
                        (Driver info: chromedriver=2.13.307647 (5a7d0541ebc58e69994a6fb2ed930f45261f3c29),platform=Windows NT 6.1 SP1 x86_64) (WARNING:
                        The server did not provide any stacktrace information)
                        Command duration or timeout: 10.04 seconds
                        For documentation on this error, please visit: http://seleniumhq.org/exceptions/no_such_element.html
                        Build info: version: '2.44.0', revision: '76d78cf', time: '2014-10-23 20:03:00'
                        System info: host: 'CIS20', ip: '192.168.1.177', os.name: 'Windows 7', os.arch: 'amd64', os.version: '6.1', java.version:
                        '1.7.0_51'
                        Session ID: 3a86781a79bc1139108abe6ab357a779
                        Driver info: org.openqa.selenium.chrome.ChromeDriver
                        Capabilities [{platform=XP, acceptSslCerts=true, javascriptEnabled=true, browserName=chrome, chrome={userDataDir=C:\Windows\TEMP\scoped_dir2288_7771},
                        rotatable=false, locationContextEnabled=true, mobileEmulationEnabled=false, version=44.0.2403.107, takesHeapSnapshot=true,
                        cssSelectorsEnabled=true, databaseEnabled=false, handlesAlerts=true, browserConnectionEnabled=false, webStorageEnabled=true,
                        nativeEvents=true, applicationCacheEnabled=false, takesScreenshot=true}]
                        	at sun.reflect.GeneratedConstructorAccessor32.newInstance(Unknown Source)
                        	at sun.reflect.DelegatingConstructorAccessorImpl.newInstance(DelegatingConstructorAccessorImpl.java:45)
                        	at java.lang.reflect.Constructor.newInstance(Constructor.java:526)
                        	at org.openqa.selenium.remote.ErrorHandler.createThrowable(ErrorHandler.java:204)
                        	at org.openqa.selenium.remote.ErrorHandler.throwIfResponseFailed(ErrorHandler.java:156)
                        	at org.openqa.selenium.remote.RemoteWebDriver.execute(RemoteWebDriver.java:599)
                        	at org.openqa.selenium.remote.RemoteWebDriver.findElement(RemoteWebDriver.java:352)
                        	at org.openqa.selenium.remote.RemoteWebDriver.findElementById(RemoteWebDriver.java:393)
                        	at org.openqa.selenium.By$ById.findElement(By.java:214)
                        	at org.openqa.selenium.remote.RemoteWebDriver.findElement(RemoteWebDriver.java:344)
                        	at PageObject.Mobility_WorkDetails_Page.btn_WorkDetails(Mobility_WorkDetails_Page.java:12)
                        	at appmodule.Mobility_WorkDetails_Action.WorkDetails_Menu(Mobility_WorkDetails_Action.java:14)
                        	at Zoptusmodule.TC012_Mobility_WorkDetails_Page.WorkDetails_Menu(TC012_Mobility_WorkDetails_Page.java:52)
                        	at sun.reflect.NativeMethodAccessorImpl.invoke0(Native Method)
                        	at sun.reflect.NativeMethodAccessorImpl.invoke(NativeMethodAccessorImpl.java:57)
                        	at sun.reflect.DelegatingMethodAccessorImpl.invoke(DelegatingMethodAccessorImpl.java:43)
                        	at java.lang.reflect.Method.invoke(Method.java:606)
                        	at org.testng.internal.MethodInvocationHelper.invokeMethod(MethodInvocationHelper.java:84)
                        	at org.testng.internal.Invoker.invokeMethod(Invoker.java:714)
                        	at org.testng.internal.Invoker.invokeTestMethod(Invoker.java:901)
                        	at org.testng.internal.Invoker.invokeTestMethods(Invoker.java:1231)
                        	at org.testng.internal.TestMethodWorker.invokeTestMethods(TestMethodWorker.java:127)
                        	at org.testng.internal.TestMethodWorker.run(TestMethodWorker.java:111)
                        	at org.testng.TestRunner.privateRun(TestRunner.java:767)
                        	at org.testng.TestRunner.run(TestRunner.java:617)
                        	at org.testng.SuiteRunner.runTest(SuiteRunner.java:334)
                        	at org.testng.SuiteRunner.runSequentially(SuiteRunner.java:329)
                        	at org.testng.SuiteRunner.privateRun(SuiteRunner.java:291)
                        	at org.testng.SuiteRunner.run(SuiteRunner.java:240)
                        	at org.testng.SuiteRunnerWorker.runSuite(SuiteRunnerWorker.java:52)
                        	at org.testng.SuiteRunnerWorker.run(SuiteRunnerWorker.java:86)
                        	at org.testng.TestNG.runSuitesSequentially(TestNG.java:1224)
                        	at org.testng.TestNG.runSuitesLocally(TestNG.java:1149)
                        	at org.testng.TestNG.run(TestNG.java:1057)
                        	at org.testng.TestNG.privateMain(TestNG.java:1364)
                        	at org.testng.TestNG.main(TestNG.java:1333)
                     </pre>
                  </div>
               </td>
            </tr>
            <tr id="Zoptusmodule.TC012_Mobility_WorkDetails_Page_takeScreenShotOnFailure_byClass_PASS7_row"
                class="testMethodStatusPASS testMethodStatusCONF">
               <td width="100%" class="firstMethodCell">
                  <a onclick="toggleDetailsVisibility('Zoptusmodule.TC012_Mobility_WorkDetails_Page_takeScreenShotOnFailure_byClass_PASS7_details')">takeScreenShotOnFailure([TestResult name=WorkDetails_Menu status=FAILURE method=TC012_Mobility_WorkDetails_Page.WorkDetails_Menu()[pri:0,
                     instance:Zoptusmodule.TC012_Mobility_WorkDetails_Page@34f4a7b6] output={null}])
                  </a>
               </td>
               <td nowrap="true">12:24:39</td>
               <td nowrap="true" align="right">193 ms
                  
               </td>
               <td nowrap="true">
                   
                  
               </td>
            </tr>
            <tr>
               <td colspan="4" class="detailsBox">
                  <div id="Zoptusmodule.TC012_Mobility_WorkDetails_Page_takeScreenShotOnFailure_byClass_PASS7_details"
                       class="testMethodDetails">
                     <div>
                        <b>Name: </b>takeScreenShotOnFailure
                     </div>
                     <div>
                        <b>Signature: </b>takeScreenShotOnFailure(org.testng.ITestResult)[pri:0, instance:Zoptusmodule.TC012_Mobility_WorkDetails_Page@34f4a7b6]
                     </div>
                     <div>
                        <b>Parameters: </b>
                        
                        [TestResult name=WorkDetails_Menu status=FAILURE method=TC012_Mobility_WorkDetails_Page.WorkDetails_Menu()[pri:0, instance:Zoptusmodule.TC012_Mobility_WorkDetails_Page@34f4a7b6]
                        output={null}]
                        
                        
                     </div>
                     <div>
                        <b>Start time: </b>12:24:39
                     </div>
                     <div>
                        <b>End time: </b>12:24:39
                     </div>
                     <div>
                        <b>Duration: </b>193 ms
                        
                     </div>
                  </div>
               </td>
            </tr>
            <tr></tr>
            <tr id="Zoptusmodule.TC012_Mobility_WorkDetails_Page_Aft_byClass_PASS8_row"
                class="testMethodStatusPASS testMethodStatusCONF">
               <td width="100%" class="firstMethodCell">
                  <a onclick="toggleDetailsVisibility('Zoptusmodule.TC012_Mobility_WorkDetails_Page_Aft_byClass_PASS8_details')">Aft()</a>
               </td>
               <td nowrap="true">12:24:39</td>
               <td nowrap="true" align="right">1s
                  
               </td>
               <td nowrap="true">
                   
                  
               </td>
            </tr>
            <tr>
               <td colspan="4" class="detailsBox">
                  <div id="Zoptusmodule.TC012_Mobility_WorkDetails_Page_Aft_byClass_PASS8_details"
                       class="testMethodDetails">
                     <div>
                        <b>Name: </b>Aft
                     </div>
                     <div>
                        <b>Signature: </b>Aft()[pri:0, instance:Zoptusmodule.TC012_Mobility_WorkDetails_Page@34f4a7b6]
                     </div>
                     <div>
                        <b>Start time: </b>12:24:39
                     </div>
                     <div>
                        <b>End time: </b>12:24:40
                     </div>
                     <div>
                        <b>Duration: </b>1s
                        
                     </div>
                  </div>
               </td>
            </tr>
            <tr></tr>
         </table>
         <br></br>
      </div>
      <div style="margin-top: 15px; color: gray; text-align: center; font-size: 9px;">
         Generated with
         
         <a href="http://code.google.com/p/testng-xslt/" style="color: #8888aa;"
            target="_blank">
            TestNG XSLT
            
         </a>
      </div>
   </body>
</html>